<?xml version="1.0" encoding="UTF-8"?>
<!-- Generated by org.testng.reporters.JUnitXMLReporter -->
<testsuite ignored="0" hostname="Chintus" failures="0" tests="1" name="Test-Runner 2" time="3.343" errors="0" timestamp="2022-11-09T13:38:49 IST">
  <testcase classname="vTigerOrganizations.CreateMultipleOrganizationWithIndustryTest" name="createMultipleOrgTest" time="0.0">
    <skipped/>
  </testcase> <!-- createMultipleOrgTest -->
</testsuite> <!-- Test-Runner 2 -->
