<?xml version="1.0" encoding="UTF-8"?>
<!-- Generated by org.testng.reporters.JUnitReportReporter -->
<testsuite hostname="Chintus" failures="0" tests="5" name="vTiger.Practice.DataProviderPractice" time="0.033" errors="0" timestamp="2022-11-05T20:07:45 IST" skipped="0">
  <testcase classname="vTiger.Practice.DataProviderPractice" name="addProductToCartTest" time="0.003"/>
  <system-out/>
  <testcase classname="vTiger.Practice.DataProviderPractice" name="getDataProducts" time="0.002"/>
  <system-out/>
  <testcase classname="vTiger.Practice.DataProviderPractice" name="addProductToCartTest" time="0.019"/>
  <system-out/>
  <testcase classname="vTiger.Practice.DataProviderPractice" name="addProductToCartTest" time="0.005"/>
  <system-out/>
  <testcase classname="vTiger.Practice.DataProviderPractice" name="getDataProducts" time="0.004"/>
  <system-out/>
</testsuite> <!-- vTiger.Practice.DataProviderPractice -->
