<?xml version="1.0" encoding="UTF-8"?>
<!-- Generated by org.testng.reporters.JUnitReportReporter -->
<testsuite hostname="Chintus" failures="0" tests="4" name="vTiger.Practice.TestNgPractice" time="0.008" errors="0" timestamp="2022-11-08T21:07:10 IST" skipped="0">
  <testcase classname="vTiger.Practice.TestNgPractice" name="createCustomer" time="0.002"/>
  <system-out/>
  <testcase classname="vTiger.Practice.TestNgPractice" name="createCustomer" time="0.002"/>
  <system-out/>
  <testcase classname="vTiger.Practice.TestNgPractice" name="deleteCustomer" time="0.003"/>
  <system-out/>
  <testcase classname="vTiger.Practice.TestNgPractice" name="modifyCustomer" time="0.001"/>
  <system-out/>
</testsuite> <!-- vTiger.Practice.TestNgPractice -->
