<?xml version="1.0" encoding="UTF-8"?>
<!-- Generated by org.testng.reporters.JUnitReportReporter -->
<testsuite hostname="Chintus" failures="0" tests="1" name="vTigerOrganizations.CreateMultipleOrganizationWithIndustryTest" time="0.000" errors="0" timestamp="2022-11-09T13:38:49 IST" skipped="1">
  <testcase classname="vTigerOrganizations.CreateMultipleOrganizationWithIndustryTest" name="createMultipleOrgTest" time="0.000">
    <skipped/>
  </testcase> <!-- createMultipleOrgTest -->
  <system-out/>
</testsuite> <!-- vTigerOrganizations.CreateMultipleOrganizationWithIndustryTest -->
