<?xml version="1.0" encoding="UTF-8"?>
<!-- Generated by org.testng.reporters.JUnitReportReporter -->
<testsuite hostname="Chintus" failures="0" tests="1" name="vTiger.Practice.CreateContactWithDDT" time="206.243" errors="0" timestamp="2022-11-02T10:57:00 IST" skipped="0">
  <testcase classname="vTiger.Practice.CreateContactWithDDT" name="createContactWithDDTTest" time="206.243"/>
  <system-out/>
</testsuite> <!-- vTiger.Practice.CreateContactWithDDT -->
