<?xml version="1.0" encoding="UTF-8"?>
<!-- Generated by org.testng.reporters.JUnitReportReporter -->
<testsuite hostname="Chintus" failures="0" tests="1" name="vTiger.Practice.CreateContact" time="106.485" errors="0" timestamp="2022-11-07T11:37:48 IST" skipped="0">
  <testcase classname="vTiger.Practice.CreateContact" name="createContactTest" time="106.485"/>
  <system-out/>
</testsuite> <!-- vTiger.Practice.CreateContact -->
